<?xml version="1.0" encoding="UTF-8"?>
<!-- Generated by org.testng.reporters.JUnitXMLReporter -->
<testsuite ignored="0" hostname="DESKTOP-O1QSD0A" failures="0" tests="4" name="BankingApp Test" time="24.038" errors="0" timestamp="29 Sep 2021 04:42:35 GMT">
  <testcase classname="com.ebanking.testcases.TC_Logintest_001" name="Logintest" time="2.562"/>
  <testcase classname="com.ebanking.testcases.TC_Logintest_002" name="testdata" time="2.49"/>
  <testcase classname="com.ebanking.testcases.TC_Logintest_002" name="testdata" time="2.443"/>
  <testcase classname="com.ebanking.testcases.TC_Logintest_002" name="testdata" time="2.35"/>
</testsuite> <!-- BankingApp Test -->
