<?xml version="1.0" encoding="UTF-8"?>
<testsuite xmlns:xsi="http://www.w3.org/2001/XMLSchema-instance" xsi:noNamespaceSchemaLocation="https://maven.apache.org/surefire/maven-surefire-plugin/xsd/surefire-test-report-3.0.xsd" version="3.0" name="TestSuite" time="24.651" tests="4" errors="0" skipped="0" failures="0">
  <properties>
[...]
</properties>
  <testcase name="Logintest" classname="com.ebanking.testcases.TC_Logintest_001" time="2.539">
    <system-out><![CDATA[ INFO [main] (TC_Logintest_001.java:24)- Enter username
 INFO [main] (TC_Logintest_001.java:27)- Enter password
Guru99 Bank Home Page
]]></system-out>
    <system-err><![CDATA[Starting ChromeDriver 93.0.4577.63 (ff5c0da2ec0adeaed5550e6c7e98417dac77d98a-refs/branch-heads/4577@{#1135}) on port 17522
Only local connections are allowed.
Please see https://chromedriver.chromium.org/security-considerations for suggestions on keeping ChromeDriver safe.
ChromeDriver was started successfully.
[1632890533.881][WARNING]: This version of ChromeDriver has not been tested with Chrome version 94.
Sep 29, 2021 10:12:14 AM org.openqa.selenium.remote.ProtocolHandshake createSession
INFO: Detected dialect: W3C
]]></system-err>
  </testcase>
  <testcase name="testdata[fgdhjska, 45362789](1)" classname="com.ebanking.testcases.TC_Logintest_002" time="2.459">
    <system-out><![CDATA[3
2
 INFO [main] (TC_Logintest_002.java:22)- set username
 INFO [main] (TC_Logintest_002.java:24)- set password
 INFO [main] (TC_Logintest_002.java:26)- submit
 INFO [main] (TC_Logintest_002.java:28)- enter in alert page
 INFO [main] (TC_Logintest_002.java:34)- Accept the alert
]]></system-out>
    <system-err><![CDATA[Starting ChromeDriver 93.0.4577.63 (ff5c0da2ec0adeaed5550e6c7e98417dac77d98a-refs/branch-heads/4577@{#1135}) on port 38305
Only local connections are allowed.
Please see https://chromedriver.chromium.org/security-considerations for suggestions on keeping ChromeDriver safe.
ChromeDriver was started successfully.
[1632890542.368][WARNING]: This version of ChromeDriver has not been tested with Chrome version 94.
Sep 29, 2021 10:12:22 AM org.openqa.selenium.remote.ProtocolHandshake createSession
INFO: Detected dialect: W3C
]]></system-err>
  </testcase>
  <testcase name="testdata[gdhsjkal, 987657](2)" classname="com.ebanking.testcases.TC_Logintest_002" time="2.443">
    <system-out><![CDATA[ INFO [main] (TC_Logintest_002.java:22)- set username
 INFO [main] (TC_Logintest_002.java:24)- set password
 INFO [main] (TC_Logintest_002.java:26)- submit
 INFO [main] (TC_Logintest_002.java:28)- enter in alert page
 INFO [main] (TC_Logintest_002.java:34)- Accept the alert
]]></system-out>
  </testcase>
  <testcase name="testdata[tewjzm, 6738291](3)" classname="com.ebanking.testcases.TC_Logintest_002" time="2.35">
    <system-out><![CDATA[ INFO [main] (TC_Logintest_002.java:22)- set username
 INFO [main] (TC_Logintest_002.java:24)- set password
 INFO [main] (TC_Logintest_002.java:26)- submit
 INFO [main] (TC_Logintest_002.java:28)- enter in alert page
 INFO [main] (TC_Logintest_002.java:34)- Accept the alert
]]></system-out>
  </testcase>
</testsuite>