<?xml version="1.0" encoding="UTF-8"?>
<testng-results ignored="0" total="4" passed="4" failed="0" skipped="0">
  <reporter-output>
  </reporter-output>
  <suite started-at="2021-09-29T04:42:11Z" name="ebanking" finished-at="2021-09-29T04:42:35Z" duration-ms="24038">
    <groups>
    </groups>
    <test started-at="2021-09-29T04:42:11Z" name="BankingApp Test" finished-at="2021-09-29T04:42:35Z" duration-ms="24038">
      <class name="com.ebanking.testcases.TC_Logintest_001">
        <test-method is-config="true" signature="setup(java.lang.String)[pri:0, instance:com.ebanking.testcases.TC_Logintest_001@5c671d7f]" started-at="2021-09-29T04:42:11Z" name="setup" finished-at="2021-09-29T04:42:18Z" duration-ms="6429" status="PASS">
          <params>
            <param index="0">
              <value>
                <![CDATA[chrome]]>
              </value>
            </param>
          </params>
          <reporter-output>
          </reporter-output>
        </test-method> <!-- setup -->
        <test-method signature="Logintest()[pri:0, instance:com.ebanking.testcases.TC_Logintest_001@5c671d7f]" started-at="2021-09-29T04:42:18Z" name="Logintest" finished-at="2021-09-29T04:42:20Z" duration-ms="2562" status="PASS">
          <reporter-output>
          </reporter-output>
        </test-method> <!-- Logintest -->
        <test-method is-config="true" signature="teardown()[pri:0, instance:com.ebanking.testcases.TC_Logintest_001@5c671d7f]" started-at="2021-09-29T04:42:20Z" name="teardown" finished-at="2021-09-29T04:42:21Z" duration-ms="620" status="PASS">
          <reporter-output>
          </reporter-output>
        </test-method> <!-- teardown -->
      </class> <!-- com.ebanking.testcases.TC_Logintest_001 -->
      <class name="com.ebanking.testcases.TC_Logintest_002">
        <test-method is-config="true" signature="setup(java.lang.String)[pri:0, instance:com.ebanking.testcases.TC_Logintest_002@757277dc]" started-at="2021-09-29T04:42:21Z" name="setup" finished-at="2021-09-29T04:42:26Z" duration-ms="5434" status="PASS">
          <params>
            <param index="0">
              <value>
                <![CDATA[chrome]]>
              </value>
            </param>
          </params>
          <reporter-output>
          </reporter-output>
        </test-method> <!-- setup -->
        <test-method signature="testdata(java.lang.String, java.lang.String)[pri:0, instance:com.ebanking.testcases.TC_Logintest_002@757277dc]" started-at="2021-09-29T04:42:27Z" name="testdata" data-provider="LoginData" finished-at="2021-09-29T04:42:30Z" duration-ms="2490" status="PASS">
          <params>
            <param index="0">
              <value>
                <![CDATA[fgdhjska]]>
              </value>
            </param>
            <param index="1">
              <value>
                <![CDATA[45362789]]>
              </value>
            </param>
          </params>
          <reporter-output>
          </reporter-output>
        </test-method> <!-- testdata -->
        <test-method signature="testdata(java.lang.String, java.lang.String)[pri:0, instance:com.ebanking.testcases.TC_Logintest_002@757277dc]" started-at="2021-09-29T04:42:30Z" name="testdata" data-provider="LoginData" finished-at="2021-09-29T04:42:32Z" duration-ms="2443" status="PASS">
          <params>
            <param index="0">
              <value>
                <![CDATA[gdhsjkal]]>
              </value>
            </param>
            <param index="1">
              <value>
                <![CDATA[987657]]>
              </value>
            </param>
          </params>
          <reporter-output>
          </reporter-output>
        </test-method> <!-- testdata -->
        <test-method signature="testdata(java.lang.String, java.lang.String)[pri:0, instance:com.ebanking.testcases.TC_Logintest_002@757277dc]" started-at="2021-09-29T04:42:32Z" name="testdata" data-provider="LoginData" finished-at="2021-09-29T04:42:35Z" duration-ms="2350" status="PASS">
          <params>
            <param index="0">
              <value>
                <![CDATA[tewjzm]]>
              </value>
            </param>
            <param index="1">
              <value>
                <![CDATA[6738291]]>
              </value>
            </param>
          </params>
          <reporter-output>
          </reporter-output>
        </test-method> <!-- testdata -->
        <test-method is-config="true" signature="teardown()[pri:0, instance:com.ebanking.testcases.TC_Logintest_002@757277dc]" started-at="2021-09-29T04:42:35Z" name="teardown" finished-at="2021-09-29T04:42:35Z" duration-ms="648" status="PASS">
          <reporter-output>
          </reporter-output>
        </test-method> <!-- teardown -->
      </class> <!-- com.ebanking.testcases.TC_Logintest_002 -->
    </test> <!-- BankingApp Test -->
  </suite> <!-- ebanking -->
</testng-results>
