<?xml version="1.0" encoding="UTF-8"?>
<!-- Generated by org.testng.reporters.JUnitXMLReporter -->
<testsuite ignored="0" hostname="DESKTOP-O1QSD0A" failures="0" tests="4" name="BankingApp Test" time="35.387" errors="0" timestamp="29 Sep 2021 02:56:39 GMT">
  <testcase classname="com.ebanking.testcases.TC_Logintest_001" name="Logintest" time="2.823"/>
  <testcase classname="com.ebanking.testcases.TC_Logintest_002" name="testdata" time="2.723"/>
  <testcase classname="com.ebanking.testcases.TC_Logintest_002" name="testdata" time="2.322"/>
  <testcase classname="com.ebanking.testcases.TC_Logintest_002" name="testdata" time="2.742"/>
</testsuite> <!-- BankingApp Test -->
