<?xml version="1.0" encoding="UTF-8"?>
<testng-results ignored="0" total="4" passed="4" failed="0" skipped="0">
  <reporter-output>
  </reporter-output>
  <suite started-at="2021-09-29T02:56:04Z" name="ebanking" finished-at="2021-09-29T02:56:39Z" duration-ms="35387">
    <groups>
    </groups>
    <test started-at="2021-09-29T02:56:04Z" name="BankingApp Test" finished-at="2021-09-29T02:56:39Z" duration-ms="35387">
      <class name="com.ebanking.testcases.TC_Logintest_001">
        <test-method is-config="true" signature="setup(java.lang.String)[pri:0, instance:com.ebanking.testcases.TC_Logintest_001@609db43b]" started-at="2021-09-29T02:56:04Z" name="setup" finished-at="2021-09-29T02:56:23Z" duration-ms="18867" status="PASS">
          <params>
            <param index="0">
              <value>
                <![CDATA[chrome]]>
              </value>
            </param>
          </params>
          <reporter-output>
          </reporter-output>
        </test-method> <!-- setup -->
        <test-method signature="Logintest()[pri:0, instance:com.ebanking.testcases.TC_Logintest_001@609db43b]" started-at="2021-09-29T02:56:23Z" name="Logintest" finished-at="2021-09-29T02:56:25Z" duration-ms="2823" status="PASS">
          <reporter-output>
          </reporter-output>
        </test-method> <!-- Logintest -->
        <test-method is-config="true" signature="teardown()[pri:0, instance:com.ebanking.testcases.TC_Logintest_001@609db43b]" started-at="2021-09-29T02:56:25Z" name="teardown" finished-at="2021-09-29T02:56:26Z" duration-ms="298" status="PASS">
          <reporter-output>
          </reporter-output>
        </test-method> <!-- teardown -->
      </class> <!-- com.ebanking.testcases.TC_Logintest_001 -->
      <class name="com.ebanking.testcases.TC_Logintest_002">
        <test-method is-config="true" signature="setup(java.lang.String)[pri:0, instance:com.ebanking.testcases.TC_Logintest_002@55f616cf]" started-at="2021-09-29T02:56:26Z" name="setup" finished-at="2021-09-29T02:56:30Z" duration-ms="4025" status="PASS">
          <params>
            <param index="0">
              <value>
                <![CDATA[chrome]]>
              </value>
            </param>
          </params>
          <reporter-output>
          </reporter-output>
        </test-method> <!-- setup -->
        <test-method signature="testdata(java.lang.String, java.lang.String)[pri:0, instance:com.ebanking.testcases.TC_Logintest_002@55f616cf]" started-at="2021-09-29T02:56:31Z" name="testdata" data-provider="LoginData" finished-at="2021-09-29T02:56:34Z" duration-ms="2723" status="PASS">
          <params>
            <param index="0">
              <value>
                <![CDATA[fgdhjska]]>
              </value>
            </param>
            <param index="1">
              <value>
                <![CDATA[45362789]]>
              </value>
            </param>
          </params>
          <reporter-output>
          </reporter-output>
        </test-method> <!-- testdata -->
        <test-method signature="testdata(java.lang.String, java.lang.String)[pri:0, instance:com.ebanking.testcases.TC_Logintest_002@55f616cf]" started-at="2021-09-29T02:56:34Z" name="testdata" data-provider="LoginData" finished-at="2021-09-29T02:56:36Z" duration-ms="2322" status="PASS">
          <params>
            <param index="0">
              <value>
                <![CDATA[gdhsjkal]]>
              </value>
            </param>
            <param index="1">
              <value>
                <![CDATA[987657]]>
              </value>
            </param>
          </params>
          <reporter-output>
          </reporter-output>
        </test-method> <!-- testdata -->
        <test-method signature="testdata(java.lang.String, java.lang.String)[pri:0, instance:com.ebanking.testcases.TC_Logintest_002@55f616cf]" started-at="2021-09-29T02:56:36Z" name="testdata" data-provider="LoginData" finished-at="2021-09-29T02:56:39Z" duration-ms="2742" status="PASS">
          <params>
            <param index="0">
              <value>
                <![CDATA[tewjzm]]>
              </value>
            </param>
            <param index="1">
              <value>
                <![CDATA[6738291]]>
              </value>
            </param>
          </params>
          <reporter-output>
          </reporter-output>
        </test-method> <!-- testdata -->
        <test-method is-config="true" signature="teardown()[pri:0, instance:com.ebanking.testcases.TC_Logintest_002@55f616cf]" started-at="2021-09-29T02:56:39Z" name="teardown" finished-at="2021-09-29T02:56:39Z" duration-ms="245" status="PASS">
          <reporter-output>
          </reporter-output>
        </test-method> <!-- teardown -->
      </class> <!-- com.ebanking.testcases.TC_Logintest_002 -->
    </test> <!-- BankingApp Test -->
  </suite> <!-- ebanking -->
</testng-results>
